[2021-02-11 10:39:50,487] INFO ee.protoskoop.gwt.edulog.server.ConnectionPool - Connected to the PostgreSQL server successfully.
[2021-02-11 10:39:50,497] INFO ee.protoskoop.gwt.edulog.server.ConnectionPool - jdbc:postgresql://localhost:5432/eduLogDatabase
[2021-02-11 10:39:50,498] DEBUG ee.protoskoop.gwt.edulog.server.DAO - Session data reading from database initiated.
[2021-02-11 10:39:50,582] DEBUG ee.protoskoop.gwt.edulog.server.DAO - Session data reading from database successful.
[2021-02-11 10:39:50,645] DEBUG ee.protoskoop.gwt.edulog.server.DAO - Session data transfer to database initiated.
[2021-02-11 10:39:50,735] DEBUG ee.protoskoop.gwt.edulog.server.DAO - Session data transfer to database successful.
[2021-02-11 11:15:02,621] INFO ee.protoskoop.gwt.edulog.server.ConnectionPool - Connected to the PostgreSQL server successfully.
[2021-02-11 11:15:02,624] INFO ee.protoskoop.gwt.edulog.server.ConnectionPool - jdbc:postgresql://localhost:5432/eduLogDatabase
[2021-02-11 11:15:52,927] DEBUG ee.protoskoop.gwt.edulog.server.DAO - Initiating user class check
[2021-02-11 11:15:52,935] DEBUG ee.protoskoop.gwt.edulog.server.DAO - User class check resultset received
[2021-02-11 11:15:53,035] DEBUG ee.protoskoop.gwt.edulog.server.DAO - User classes written in return ArrayList
[2021-02-11 11:15:53,036] DEBUG ee.protoskoop.gwt.edulog.server.DAO - User classes written in return ArrayList
[2021-02-11 11:15:53,036] DEBUG ee.protoskoop.gwt.edulog.server.DAO - User classes written in return ArrayList
[2021-02-11 11:16:30,300] DEBUG ee.protoskoop.gwt.edulog.server.DAO - Initiating user subject check
[2021-02-11 11:16:30,314] DEBUG ee.protoskoop.gwt.edulog.server.DAO - User subject check resultset received
[2021-02-11 11:16:30,315] DEBUG ee.protoskoop.gwt.edulog.server.DAO - User subjects written in return ArrayList
[2021-02-11 11:16:30,316] DEBUG ee.protoskoop.gwt.edulog.server.DAO - User subjects written in return ArrayList
[2021-02-11 11:16:30,316] DEBUG ee.protoskoop.gwt.edulog.server.DAO - User subjects written in return ArrayList
[2021-02-11 11:16:30,316] DEBUG ee.protoskoop.gwt.edulog.server.DAO - User subjects written in return ArrayList
[2021-02-11 11:16:30,329] DEBUG ee.protoskoop.gwt.edulog.server.DAO - Initiating user class check
[2021-02-11 11:16:30,330] DEBUG ee.protoskoop.gwt.edulog.server.DAO - User class check resultset received
[2021-02-11 11:16:30,330] DEBUG ee.protoskoop.gwt.edulog.server.DAO - User classes written in return ArrayList
[2021-02-11 11:16:30,330] DEBUG ee.protoskoop.gwt.edulog.server.DAO - User classes written in return ArrayList
[2021-02-11 11:16:30,330] DEBUG ee.protoskoop.gwt.edulog.server.DAO - User classes written in return ArrayList
[2021-02-11 12:33:48,726] INFO ee.protoskoop.gwt.edulog.server.ConnectionPool - Connected to the PostgreSQL server successfully.
[2021-02-11 12:33:48,728] INFO ee.protoskoop.gwt.edulog.server.ConnectionPool - jdbc:postgresql://localhost:5432/eduLogDatabase
[2021-02-11 12:40:52,407] ERROR ee.protoskoop.gwt.edulog.server.DAO - ResultSet not positioned properly, perhaps you need to call next.
[2021-02-11 12:43:29,559] DEBUG ee.protoskoop.gwt.edulog.server.DAO - Initiating user class check
[2021-02-11 12:43:29,564] DEBUG ee.protoskoop.gwt.edulog.server.DAO - User class check received empty resultset
[2021-02-11 12:44:37,100] DEBUG ee.protoskoop.gwt.edulog.server.DAO - Initiating teacher classset data transfer to database
[2021-02-11 12:44:37,399] DEBUG ee.protoskoop.gwt.edulog.server.DAO - ERROR: insert or update on table "el_study_group" violates foreign key constraint "el_group_id_fkey"
  Detail: Key (id)=(35) is not present in table "el_user".
[2021-02-11 12:44:37,399] DEBUG ee.protoskoop.gwt.edulog.server.DAO - Initiation teacher classset data reading from database.
[2021-02-11 12:44:37,400] ERROR ee.protoskoop.gwt.edulog.server.DAO - ResultSet not positioned properly, perhaps you need to call next.
[2021-02-11 12:45:02,786] DEBUG ee.protoskoop.gwt.edulog.server.DAO - Initiating user class check
[2021-02-11 12:45:02,787] DEBUG ee.protoskoop.gwt.edulog.server.DAO - User class check received empty resultset
[2021-02-11 12:48:15,398] DEBUG ee.protoskoop.gwt.edulog.server.DAO - Initiating user class check
[2021-02-11 12:48:15,400] DEBUG ee.protoskoop.gwt.edulog.server.DAO - User class check resultset received
[2021-02-11 12:48:15,439] DEBUG ee.protoskoop.gwt.edulog.server.DAO - User classes written in return ArrayList
[2021-02-11 12:48:15,440] DEBUG ee.protoskoop.gwt.edulog.server.DAO - User classes written in return ArrayList
[2021-02-11 12:48:15,440] DEBUG ee.protoskoop.gwt.edulog.server.DAO - User classes written in return ArrayList
[2021-02-11 12:49:03,283] DEBUG ee.protoskoop.gwt.edulog.server.DAO - Initiating user subject check
[2021-02-11 12:49:03,290] DEBUG ee.protoskoop.gwt.edulog.server.DAO - User subject check resultset received
[2021-02-11 12:49:03,290] DEBUG ee.protoskoop.gwt.edulog.server.DAO - User subjects written in return ArrayList
[2021-02-11 12:49:03,290] DEBUG ee.protoskoop.gwt.edulog.server.DAO - User subjects written in return ArrayList
[2021-02-11 12:49:03,290] DEBUG ee.protoskoop.gwt.edulog.server.DAO - User subjects written in return ArrayList
[2021-02-11 12:49:03,290] DEBUG ee.protoskoop.gwt.edulog.server.DAO - User subjects written in return ArrayList
[2021-02-11 12:49:57,675] DEBUG ee.protoskoop.gwt.edulog.server.DAO - Initiating user subject check
[2021-02-11 12:49:57,676] DEBUG ee.protoskoop.gwt.edulog.server.DAO - User subject check resultset received
[2021-02-11 12:49:57,676] DEBUG ee.protoskoop.gwt.edulog.server.DAO - User subjects written in return ArrayList
[2021-02-11 12:49:57,676] DEBUG ee.protoskoop.gwt.edulog.server.DAO - User subjects written in return ArrayList
[2021-02-11 12:49:57,676] DEBUG ee.protoskoop.gwt.edulog.server.DAO - User subjects written in return ArrayList
[2021-02-11 12:49:57,676] DEBUG ee.protoskoop.gwt.edulog.server.DAO - User subjects written in return ArrayList
[2021-02-11 12:49:57,699] DEBUG ee.protoskoop.gwt.edulog.server.DAO - Initiating user class check
[2021-02-11 12:49:57,700] DEBUG ee.protoskoop.gwt.edulog.server.DAO - User class check resultset received
[2021-02-11 12:49:57,700] DEBUG ee.protoskoop.gwt.edulog.server.DAO - User classes written in return ArrayList
[2021-02-11 12:49:57,700] DEBUG ee.protoskoop.gwt.edulog.server.DAO - User classes written in return ArrayList
[2021-02-11 12:49:57,700] DEBUG ee.protoskoop.gwt.edulog.server.DAO - User classes written in return ArrayList
[2021-02-11 13:57:21,395] DEBUG ee.protoskoop.gwt.edulog.server.DAO - Initiating user class check
[2021-02-11 13:57:21,397] DEBUG ee.protoskoop.gwt.edulog.server.DAO - User class check received empty resultset
[2021-02-11 13:57:45,326] DEBUG ee.protoskoop.gwt.edulog.server.DAO - Initiating teacher classset data transfer to database
[2021-02-11 13:57:45,353] DEBUG ee.protoskoop.gwt.edulog.server.DAO - ERROR: insert or update on table "el_study_group" violates foreign key constraint "el_group_id_fkey"
  Detail: Key (id)=(36) is not present in table "el_user".
[2021-02-11 13:57:45,353] DEBUG ee.protoskoop.gwt.edulog.server.DAO - Initiation teacher classset data reading from database.
[2021-02-11 13:57:45,354] ERROR ee.protoskoop.gwt.edulog.server.DAO - ResultSet not positioned properly, perhaps you need to call next.
[2021-02-11 13:57:55,814] DEBUG ee.protoskoop.gwt.edulog.server.DAO - Initiating user class check
[2021-02-11 13:57:55,817] DEBUG ee.protoskoop.gwt.edulog.server.DAO - User class check received empty resultset
[2021-02-11 14:00:22,199] DEBUG ee.protoskoop.gwt.edulog.server.DAO - Initiating teacher classset data transfer to database
[2021-02-11 14:00:22,234] DEBUG ee.protoskoop.gwt.edulog.server.DAO - ERROR: insert or update on table "el_study_group" violates foreign key constraint "el_group_id_fkey"
  Detail: Key (id)=(37) is not present in table "el_user".
[2021-02-11 14:00:22,234] DEBUG ee.protoskoop.gwt.edulog.server.DAO - Initiation teacher classset data reading from database.
[2021-02-11 14:00:22,235] ERROR ee.protoskoop.gwt.edulog.server.DAO - ResultSet not positioned properly, perhaps you need to call next.
[2021-02-11 14:04:53,547] DEBUG ee.protoskoop.gwt.edulog.server.DAO - Initiating user class check
[2021-02-11 14:04:53,553] DEBUG ee.protoskoop.gwt.edulog.server.DAO - User class check received empty resultset
[2021-02-11 14:05:15,853] DEBUG ee.protoskoop.gwt.edulog.server.DAO - Initiating teacher classset data transfer to database
[2021-02-11 14:05:15,859] DEBUG ee.protoskoop.gwt.edulog.server.DAO - Teacher classset data transfer to database succesful.
[2021-02-11 14:05:15,860] DEBUG ee.protoskoop.gwt.edulog.server.DAO - Initiation teacher classset data reading from database.
[2021-02-11 14:05:15,863] DEBUG ee.protoskoop.gwt.edulog.server.DAO - Teacher classset data reading from database succesful.
[2021-02-11 14:05:15,864] INFO ee.protoskoop.gwt.edulog.server.DAO - Teacher classet data comparision succesful.
[2021-02-11 14:05:25,865] DEBUG ee.protoskoop.gwt.edulog.server.DAO - Initiating user class check
[2021-02-11 14:05:25,866] DEBUG ee.protoskoop.gwt.edulog.server.DAO - User class check resultset received
[2021-02-11 14:05:25,867] DEBUG ee.protoskoop.gwt.edulog.server.DAO - User classes written in return ArrayList
[2021-02-11 14:05:25,867] DEBUG ee.protoskoop.gwt.edulog.server.DAO - User classes written in return ArrayList
[2021-02-11 14:05:25,867] DEBUG ee.protoskoop.gwt.edulog.server.DAO - User classes written in return ArrayList
[2021-02-11 14:05:25,867] DEBUG ee.protoskoop.gwt.edulog.server.DAO - User classes written in return ArrayList
[2021-02-11 14:05:39,089] DEBUG ee.protoskoop.gwt.edulog.server.DAO - Initiating user subject check
[2021-02-11 14:05:39,090] DEBUG ee.protoskoop.gwt.edulog.server.DAO - User subject check received empty resultset
[2021-02-11 14:07:25,948] INFO ee.protoskoop.gwt.edulog.server.DAO - Initiating subject data transfer to database
[2021-02-11 14:07:25,957] INFO ee.protoskoop.gwt.edulog.server.DAO - Subject data transfer to database succesful.
[2021-02-11 14:07:25,957] INFO ee.protoskoop.gwt.edulog.server.DAO - Initiation subject data reading from database.
[2021-02-11 14:07:25,958] INFO ee.protoskoop.gwt.edulog.server.DAO - Subject data reading from database succesful.
[2021-02-11 14:07:25,958] INFO ee.protoskoop.gwt.edulog.server.DAO - Session data comparision succesful.
[2021-02-11 14:07:35,605] DEBUG ee.protoskoop.gwt.edulog.server.DAO - Initiating user subject check
[2021-02-11 14:07:35,606] DEBUG ee.protoskoop.gwt.edulog.server.DAO - User subject check resultset received
[2021-02-11 14:07:35,606] DEBUG ee.protoskoop.gwt.edulog.server.DAO - User subjects written in return ArrayList
[2021-02-11 14:07:35,606] DEBUG ee.protoskoop.gwt.edulog.server.DAO - User subjects written in return ArrayList
[2021-02-11 14:07:35,606] DEBUG ee.protoskoop.gwt.edulog.server.DAO - User subjects written in return ArrayList
[2021-02-11 14:07:35,606] DEBUG ee.protoskoop.gwt.edulog.server.DAO - User subjects written in return ArrayList
[2021-02-11 14:09:04,621] DEBUG ee.protoskoop.gwt.edulog.server.DAO - Initiating user subject check
[2021-02-11 14:09:04,622] DEBUG ee.protoskoop.gwt.edulog.server.DAO - User subject check resultset received
[2021-02-11 14:09:04,622] DEBUG ee.protoskoop.gwt.edulog.server.DAO - User subjects written in return ArrayList
[2021-02-11 14:09:04,623] DEBUG ee.protoskoop.gwt.edulog.server.DAO - User subjects written in return ArrayList
[2021-02-11 14:09:04,623] DEBUG ee.protoskoop.gwt.edulog.server.DAO - User subjects written in return ArrayList
[2021-02-11 14:09:04,623] DEBUG ee.protoskoop.gwt.edulog.server.DAO - User subjects written in return ArrayList
[2021-02-11 14:09:19,833] DEBUG ee.protoskoop.gwt.edulog.server.DAO - Initiating user class check
[2021-02-11 14:09:19,834] DEBUG ee.protoskoop.gwt.edulog.server.DAO - User class check resultset received
[2021-02-11 14:09:19,835] DEBUG ee.protoskoop.gwt.edulog.server.DAO - User classes written in return ArrayList
[2021-02-11 14:09:19,835] DEBUG ee.protoskoop.gwt.edulog.server.DAO - User classes written in return ArrayList
[2021-02-11 14:09:19,835] DEBUG ee.protoskoop.gwt.edulog.server.DAO - User classes written in return ArrayList
[2021-02-11 14:09:19,835] DEBUG ee.protoskoop.gwt.edulog.server.DAO - User classes written in return ArrayList
[2021-02-11 14:09:46,728] DEBUG ee.protoskoop.gwt.edulog.server.DAO - Initiating teacher classset data transfer to database
[2021-02-11 14:09:46,733] DEBUG ee.protoskoop.gwt.edulog.server.DAO - Teacher classset data transfer to database succesful.
[2021-02-11 14:09:46,733] DEBUG ee.protoskoop.gwt.edulog.server.DAO - Initiation teacher classset data reading from database.
[2021-02-11 14:09:46,734] DEBUG ee.protoskoop.gwt.edulog.server.DAO - Teacher classset data reading from database succesful.
[2021-02-11 14:10:01,999] DEBUG ee.protoskoop.gwt.edulog.server.DAO - Initiating user class check
[2021-02-11 14:10:02,000] DEBUG ee.protoskoop.gwt.edulog.server.DAO - User class check resultset received
[2021-02-11 14:10:02,000] DEBUG ee.protoskoop.gwt.edulog.server.DAO - User classes written in return ArrayList
[2021-02-11 14:10:02,000] DEBUG ee.protoskoop.gwt.edulog.server.DAO - User classes written in return ArrayList
[2021-02-11 14:10:02,000] DEBUG ee.protoskoop.gwt.edulog.server.DAO - User classes written in return ArrayList
[2021-02-11 14:10:02,000] DEBUG ee.protoskoop.gwt.edulog.server.DAO - User classes written in return ArrayList
[2021-02-11 14:11:34,735] DEBUG ee.protoskoop.gwt.edulog.server.DAO - Initiating user class check
[2021-02-11 14:11:34,736] DEBUG ee.protoskoop.gwt.edulog.server.DAO - User class check resultset received
[2021-02-11 14:11:34,736] DEBUG ee.protoskoop.gwt.edulog.server.DAO - User classes written in return ArrayList
[2021-02-11 14:11:34,736] DEBUG ee.protoskoop.gwt.edulog.server.DAO - User classes written in return ArrayList
[2021-02-11 14:11:34,736] DEBUG ee.protoskoop.gwt.edulog.server.DAO - User classes written in return ArrayList
[2021-02-11 14:11:34,736] DEBUG ee.protoskoop.gwt.edulog.server.DAO - User classes written in return ArrayList
[2021-02-11 14:12:29,721] DEBUG ee.protoskoop.gwt.edulog.server.DAO - Initiating user class check
[2021-02-11 14:12:29,722] DEBUG ee.protoskoop.gwt.edulog.server.DAO - User class check resultset received
[2021-02-11 14:12:29,723] DEBUG ee.protoskoop.gwt.edulog.server.DAO - User classes written in return ArrayList
[2021-02-11 14:12:29,723] DEBUG ee.protoskoop.gwt.edulog.server.DAO - User classes written in return ArrayList
[2021-02-11 14:12:29,723] DEBUG ee.protoskoop.gwt.edulog.server.DAO - User classes written in return ArrayList
[2021-02-11 14:12:29,723] DEBUG ee.protoskoop.gwt.edulog.server.DAO - User classes written in return ArrayList
[2021-02-11 14:16:53,134] DEBUG ee.protoskoop.gwt.edulog.server.DAO - Initiating teacher classset data transfer to database
[2021-02-11 14:16:53,137] DEBUG ee.protoskoop.gwt.edulog.server.DAO - Teacher classset data transfer to database succesful.
[2021-02-11 14:16:53,137] DEBUG ee.protoskoop.gwt.edulog.server.DAO - Initiation teacher classset data reading from database.
[2021-02-11 14:16:53,138] DEBUG ee.protoskoop.gwt.edulog.server.DAO - Teacher classset data reading from database succesful.
[2021-02-11 14:17:51,272] DEBUG ee.protoskoop.gwt.edulog.server.DAO - Initiating user class check
[2021-02-11 14:17:51,272] DEBUG ee.protoskoop.gwt.edulog.server.DAO - User class check resultset received
[2021-02-11 14:17:51,273] DEBUG ee.protoskoop.gwt.edulog.server.DAO - User classes written in return ArrayList
[2021-02-11 14:17:51,273] DEBUG ee.protoskoop.gwt.edulog.server.DAO - User classes written in return ArrayList
[2021-02-11 14:17:51,273] DEBUG ee.protoskoop.gwt.edulog.server.DAO - User classes written in return ArrayList
[2021-02-11 14:17:51,273] DEBUG ee.protoskoop.gwt.edulog.server.DAO - User classes written in return ArrayList
[2021-02-11 14:18:15,547] DEBUG ee.protoskoop.gwt.edulog.server.DAO - Initiating teacher classset data transfer to database
[2021-02-11 14:18:15,550] DEBUG ee.protoskoop.gwt.edulog.server.DAO - Teacher classset data transfer to database succesful.
[2021-02-11 14:18:15,550] DEBUG ee.protoskoop.gwt.edulog.server.DAO - Initiation teacher classset data reading from database.
[2021-02-11 14:18:15,551] DEBUG ee.protoskoop.gwt.edulog.server.DAO - Teacher classset data reading from database succesful.
[2021-02-11 14:21:33,969] DEBUG ee.protoskoop.gwt.edulog.server.DAO - Initiating user class check
[2021-02-11 14:21:33,970] DEBUG ee.protoskoop.gwt.edulog.server.DAO - User class check resultset received
[2021-02-11 14:21:33,970] DEBUG ee.protoskoop.gwt.edulog.server.DAO - User classes written in return ArrayList
[2021-02-11 14:21:33,970] DEBUG ee.protoskoop.gwt.edulog.server.DAO - User classes written in return ArrayList
[2021-02-11 14:21:33,970] DEBUG ee.protoskoop.gwt.edulog.server.DAO - User classes written in return ArrayList
[2021-02-11 14:21:33,970] DEBUG ee.protoskoop.gwt.edulog.server.DAO - User classes written in return ArrayList
[2021-02-11 14:21:46,894] DEBUG ee.protoskoop.gwt.edulog.server.DAO - Initiating teacher classset data transfer to database
[2021-02-11 14:21:46,896] DEBUG ee.protoskoop.gwt.edulog.server.DAO - Teacher classset data transfer to database succesful.
[2021-02-11 14:21:46,896] DEBUG ee.protoskoop.gwt.edulog.server.DAO - Initiation teacher classset data reading from database.
[2021-02-11 14:21:46,897] DEBUG ee.protoskoop.gwt.edulog.server.DAO - Teacher classset data reading from database succesful.
[2021-02-11 14:24:17,031] DEBUG ee.protoskoop.gwt.edulog.server.DAO - Initiating user subject check
[2021-02-11 14:24:17,032] DEBUG ee.protoskoop.gwt.edulog.server.DAO - User subject check resultset received
[2021-02-11 14:24:17,032] DEBUG ee.protoskoop.gwt.edulog.server.DAO - User subjects written in return ArrayList
[2021-02-11 14:24:17,032] DEBUG ee.protoskoop.gwt.edulog.server.DAO - User subjects written in return ArrayList
[2021-02-11 14:24:17,032] DEBUG ee.protoskoop.gwt.edulog.server.DAO - User subjects written in return ArrayList
[2021-02-11 14:24:17,032] DEBUG ee.protoskoop.gwt.edulog.server.DAO - User subjects written in return ArrayList
[2021-02-11 14:24:36,658] INFO ee.protoskoop.gwt.edulog.server.DAO - Initiating subject data transfer to database
[2021-02-11 14:24:36,661] INFO ee.protoskoop.gwt.edulog.server.DAO - Subject data transfer to database succesful.
[2021-02-11 14:24:36,661] INFO ee.protoskoop.gwt.edulog.server.DAO - Initiation subject data reading from database.
[2021-02-11 14:24:36,663] INFO ee.protoskoop.gwt.edulog.server.DAO - Subject data reading from database succesful.
[2021-02-11 14:25:44,308] DEBUG ee.protoskoop.gwt.edulog.server.DAO - Initiating user subject check
[2021-02-11 14:25:44,309] DEBUG ee.protoskoop.gwt.edulog.server.DAO - User subject check resultset received
[2021-02-11 14:25:44,309] DEBUG ee.protoskoop.gwt.edulog.server.DAO - User subjects written in return ArrayList
[2021-02-11 14:25:44,309] DEBUG ee.protoskoop.gwt.edulog.server.DAO - User subjects written in return ArrayList
[2021-02-11 14:25:44,309] DEBUG ee.protoskoop.gwt.edulog.server.DAO - User subjects written in return ArrayList
[2021-02-11 14:26:04,433] INFO ee.protoskoop.gwt.edulog.server.DAO - Initiating subject data transfer to database
[2021-02-11 14:26:04,438] INFO ee.protoskoop.gwt.edulog.server.DAO - Subject data transfer to database succesful.
[2021-02-11 14:26:04,438] INFO ee.protoskoop.gwt.edulog.server.DAO - Initiation subject data reading from database.
[2021-02-11 14:26:04,440] INFO ee.protoskoop.gwt.edulog.server.DAO - Subject data reading from database succesful.
[2021-02-11 14:26:14,317] DEBUG ee.protoskoop.gwt.edulog.server.DAO - Initiating user subject check
[2021-02-11 14:26:14,318] DEBUG ee.protoskoop.gwt.edulog.server.DAO - User subject check resultset received
[2021-02-11 14:26:14,318] DEBUG ee.protoskoop.gwt.edulog.server.DAO - User subjects written in return ArrayList
[2021-02-11 14:26:14,318] DEBUG ee.protoskoop.gwt.edulog.server.DAO - User subjects written in return ArrayList
[2021-02-11 14:26:14,318] DEBUG ee.protoskoop.gwt.edulog.server.DAO - User subjects written in return ArrayList
[2021-02-11 14:28:31,643] DEBUG ee.protoskoop.gwt.edulog.server.DAO - Initiating user class check
[2021-02-11 14:28:31,680] DEBUG ee.protoskoop.gwt.edulog.server.DAO - User class check resultset received
[2021-02-11 14:28:31,680] DEBUG ee.protoskoop.gwt.edulog.server.DAO - User classes written in return ArrayList
[2021-02-11 14:28:31,680] DEBUG ee.protoskoop.gwt.edulog.server.DAO - User classes written in return ArrayList
[2021-02-11 14:28:31,680] DEBUG ee.protoskoop.gwt.edulog.server.DAO - User classes written in return ArrayList
[2021-02-11 14:28:31,680] DEBUG ee.protoskoop.gwt.edulog.server.DAO - User classes written in return ArrayList
[2021-02-11 14:36:57,975] INFO ee.protoskoop.gwt.edulog.server.ConnectionPool - Connected to the PostgreSQL server successfully.
[2021-02-11 14:36:57,976] INFO ee.protoskoop.gwt.edulog.server.ConnectionPool - jdbc:postgresql://localhost:5432/eduLogDatabase
[2021-02-11 14:37:28,798] DEBUG ee.protoskoop.gwt.edulog.server.DAO - Initiating user class check
[2021-02-11 14:37:28,805] DEBUG ee.protoskoop.gwt.edulog.server.DAO - User class check resultset received
[2021-02-11 14:37:28,959] DEBUG ee.protoskoop.gwt.edulog.server.DAO - User classes written in return ArrayList
[2021-02-11 14:37:28,959] DEBUG ee.protoskoop.gwt.edulog.server.DAO - User classes written in return ArrayList
